Added Component: Designator=(M3 - Mounting Hole)
Added Component: Designator=(M3 - Mounting Hole)
Added Component: Designator=(M3 - Mounting Hole)
Added Component: Designator=(M3 - Mounting Hole)
Added Pin To Net: NetName=+24 Pin=-1
Added Pin To Net: NetName=+24 Pin=-1
Added Pin To Net: NetName=GND Pin=-1
Added Pin To Net: NetName=GND Pin=-1
Added Member To Class: ClassName=Conectors Member=Component J1 2x4-POS 2.54mm Header
Added Member To Class: ClassName=Conectors Member=Component J2 2x4-POS 2.54mm Header
Added Member To Class: ClassName=Conectors Member=Component J3 2x4-POS 2.54mm Header
Added Member To Class: ClassName=Conectors Member=Component  M3 Mounting Hole
Added Member To Class: ClassName=Conectors Member=Component  M3 Mounting Hole
Added Member To Class: ClassName=Conectors Member=Component  M3 Mounting Hole
Added Member To Class: ClassName=Conectors Member=Component  M3 Mounting Hole
Added Member To Class: ClassName=Conectors Member=Component  M3 Mounting Hole
Added Member To Class: ClassName=Conectors Member=Component  M3 Mounting Hole
Added Member To Class: ClassName=Conectors Member=Component  M3 Mounting Hole
Added Member To Class: ClassName=Conectors Member=Component  M3 Mounting Hole
Added Member To Class: ClassName=DirectPour Member=Wire +24
