Added Component: Designator=J4(KF301-2P)
Add component (AddParameter): Name = "Availability"; Value = "Unavailable"; VariantName = "[No Variations]"
Add component (AddParameter): Name = "MF"; Value = ""; VariantName = "[No Variations]"
Add component (AddParameter): Name = "MP"; Value = "KF301-2P"; VariantName = "[No Variations]"
Add component (AddParameter): Name = "Package"; Value = "None"; VariantName = "[No Variations]"
Add component (AddParameter): Name = "Price"; Value = "None"; VariantName = "[No Variations]"
Add component (AddParameter): Name = "Value"; Value = ""; VariantName = "[No Variations]"
Added Component: Designator=J5(KF301-2P)
Add component (AddParameter): Name = "Availability"; Value = "Unavailable"; VariantName = "[No Variations]"
Add component (AddParameter): Name = "MF"; Value = ""; VariantName = "[No Variations]"
Add component (AddParameter): Name = "MP"; Value = "KF301-2P"; VariantName = "[No Variations]"
Add component (AddParameter): Name = "Package"; Value = "None"; VariantName = "[No Variations]"
Add component (AddParameter): Name = "Price"; Value = "None"; VariantName = "[No Variations]"
Add component (AddParameter): Name = "Value"; Value = ""; VariantName = "[No Variations]"
Added Pin To Net: NetName=+24 Pin=J4-1
Added Pin To Net: NetName=GND Pin=J4-2
Added Pin To Net: NetName=+24 Pin=J5-1
Added Pin To Net: NetName=GND Pin=J5-2
Added Member To Class: ClassName=Conectors Member=Component J4 KF301-2P
Added Member To Class: ClassName=Conectors Member=Component J5 KF301-2P
Added Member To Class: ClassName=Conectors Member=Component  M3 Mounting Hole
Added Member To Class: ClassName=Conectors Member=Component  M3 Mounting Hole
Added Member To Class: ClassName=Conectors Member=Component  M3 Mounting Hole
Added Member To Class: ClassName=Conectors Member=Component  M3 Mounting Hole
Added Member To Class: ClassName=Conectors Member=Component  M3 Mounting Hole
Added Member To Class: ClassName=Conectors Member=Component  M3 Mounting Hole
Added Member To Class: ClassName=Conectors Member=Component  M3 Mounting Hole
Added Member To Class: ClassName=Conectors Member=Component  M3 Mounting Hole
Added Member To Class: ClassName=Conectors Member=Component  M3 Mounting Hole
Added Member To Class: ClassName=Conectors Member=Component  M3 Mounting Hole
Added Member To Class: ClassName=Conectors Member=Component  M3 Mounting Hole
Added Member To Class: ClassName=Conectors Member=Component  M3 Mounting Hole
